<?xml version="1.0" encoding="UTF-8"?>
<testsuite name="com.amine.calculator.CalculatorApplicationTests" tests="1" skipped="0" failures="0" errors="0" timestamp="2023-12-21T16:34:42" hostname="ubuntu-desktop" time="0.771">
  <properties/>
  <testcase name="contextLoads()" classname="com.amine.calculator.CalculatorApplicationTests" time="0.771"/>
  <system-out><![CDATA[17:34:38.146 [Test worker] DEBUG org.springframework.test.context.BootstrapUtils - Instantiating CacheAwareContextLoaderDelegate from class [org.springframework.test.context.cache.DefaultCacheAwareContextLoaderDelegate]
17:34:38.200 [Test worker] DEBUG org.springframework.test.context.BootstrapUtils - Instantiating BootstrapContext using constructor [public org.springframework.test.context.support.DefaultBootstrapContext(java.lang.Class,org.springframework.test.context.CacheAwareContextLoaderDelegate)]
17:34:38.348 [Test worker] DEBUG org.springframework.test.context.BootstrapUtils - Instantiating TestContextBootstrapper for test class [com.amine.calculator.CalculatorApplicationTests] from class [org.springframework.boot.test.context.SpringBootTestContextBootstrapper]
17:34:38.387 [Test worker] INFO org.springframework.boot.test.context.SpringBootTestContextBootstrapper - Neither @ContextConfiguration nor @ContextHierarchy found for test class [com.amine.calculator.CalculatorApplicationTests], using SpringBootContextLoader
17:34:38.403 [Test worker] DEBUG org.springframework.test.context.support.AbstractContextLoader - Did not detect default resource location for test class [com.amine.calculator.CalculatorApplicationTests]: class path resource [com/amine/calculator/CalculatorApplicationTests-context.xml] does not exist
17:34:38.404 [Test worker] DEBUG org.springframework.test.context.support.AbstractContextLoader - Did not detect default resource location for test class [com.amine.calculator.CalculatorApplicationTests]: class path resource [com/amine/calculator/CalculatorApplicationTestsContext.groovy] does not exist
17:34:38.404 [Test worker] INFO org.springframework.test.context.support.AbstractContextLoader - Could not detect default resource locations for test class [com.amine.calculator.CalculatorApplicationTests]: no resource found for suffixes {-context.xml, Context.groovy}.
17:34:38.407 [Test worker] INFO org.springframework.test.context.support.AnnotationConfigContextLoaderUtils - Could not detect default configuration classes for test class [com.amine.calculator.CalculatorApplicationTests]: CalculatorApplicationTests does not declare any static, non-private, non-final, nested classes annotated with @Configuration.
17:34:38.524 [Test worker] DEBUG org.springframework.test.context.support.ActiveProfilesUtils - Could not find an 'annotation declaring class' for annotation type [org.springframework.test.context.ActiveProfiles] and class [com.amine.calculator.CalculatorApplicationTests]
17:34:38.700 [Test worker] DEBUG org.springframework.context.annotation.ClassPathScanningCandidateComponentProvider - Identified candidate component class: file [/home/ubuntu/acceptance/build/classes/java/main/com/amine/calculator/CalculatorApplication.class]
17:34:38.711 [Test worker] INFO org.springframework.boot.test.context.SpringBootTestContextBootstrapper - Found @SpringBootConfiguration com.amine.calculator.CalculatorApplication for test class com.amine.calculator.CalculatorApplicationTests
17:34:38.930 [Test worker] DEBUG org.springframework.boot.test.context.SpringBootTestContextBootstrapper - @TestExecutionListeners is not present for class [com.amine.calculator.CalculatorApplicationTests]: using defaults.
17:34:38.931 [Test worker] INFO org.springframework.boot.test.context.SpringBootTestContextBootstrapper - Loaded default TestExecutionListener class names from location [META-INF/spring.factories]: [org.springframework.boot.test.autoconfigure.restdocs.RestDocsTestExecutionListener, org.springframework.boot.test.autoconfigure.web.client.MockRestServiceServerResetTestExecutionListener, org.springframework.boot.test.autoconfigure.web.servlet.MockMvcPrintOnlyOnFailureTestExecutionListener, org.springframework.boot.test.autoconfigure.web.servlet.WebDriverTestExecutionListener, org.springframework.boot.test.autoconfigure.webservices.client.MockWebServiceServerTestExecutionListener, org.springframework.boot.test.mock.mockito.MockitoTestExecutionListener, org.springframework.boot.test.mock.mockito.ResetMocksTestExecutionListener, org.springframework.test.context.web.ServletTestExecutionListener, org.springframework.test.context.support.DirtiesContextBeforeModesTestExecutionListener, org.springframework.test.context.event.ApplicationEventsTestExecutionListener, org.springframework.test.context.support.DependencyInjectionTestExecutionListener, org.springframework.test.context.support.DirtiesContextTestExecutionListener, org.springframework.test.context.transaction.TransactionalTestExecutionListener, org.springframework.test.context.jdbc.SqlScriptsTestExecutionListener, org.springframework.test.context.event.EventPublishingTestExecutionListener]
17:34:38.952 [Test worker] DEBUG org.springframework.boot.test.context.SpringBootTestContextBootstrapper - Skipping candidate TestExecutionListener [org.springframework.test.context.transaction.TransactionalTestExecutionListener] due to a missing dependency. Specify custom listener classes or make the default listener classes and their required dependencies available. Offending class: [org/springframework/transaction/interceptor/TransactionAttributeSource]
17:34:38.953 [Test worker] DEBUG org.springframework.boot.test.context.SpringBootTestContextBootstrapper - Skipping candidate TestExecutionListener [org.springframework.test.context.jdbc.SqlScriptsTestExecutionListener] due to a missing dependency. Specify custom listener classes or make the default listener classes and their required dependencies available. Offending class: [org/springframework/transaction/interceptor/TransactionAttribute]
17:34:38.954 [Test worker] INFO org.springframework.boot.test.context.SpringBootTestContextBootstrapper - Using TestExecutionListeners: [org.springframework.test.context.web.ServletTestExecutionListener@389bc2d3, org.springframework.test.context.support.DirtiesContextBeforeModesTestExecutionListener@442310fd, org.springframework.test.context.event.ApplicationEventsTestExecutionListener@23263ba, org.springframework.boot.test.mock.mockito.MockitoTestExecutionListener@3ca6bd01, org.springframework.boot.test.autoconfigure.SpringBootDependencyInjectionTestExecutionListener@5acd7d1c, org.springframework.test.context.support.DirtiesContextTestExecutionListener@6b52a40, org.springframework.test.context.event.EventPublishingTestExecutionListener@178ba69f, org.springframework.boot.test.autoconfigure.restdocs.RestDocsTestExecutionListener@1e4c4fda, org.springframework.boot.test.autoconfigure.web.client.MockRestServiceServerResetTestExecutionListener@2f58f492, org.springframework.boot.test.autoconfigure.web.servlet.MockMvcPrintOnlyOnFailureTestExecutionListener@903c13, org.springframework.boot.test.autoconfigure.web.servlet.WebDriverTestExecutionListener@4ae5ddc0, org.springframework.boot.test.autoconfigure.webservices.client.MockWebServiceServerTestExecutionListener@36ab69d9, org.springframework.boot.test.mock.mockito.ResetMocksTestExecutionListener@5ebfe7fa]
17:34:38.961 [Test worker] DEBUG org.springframework.test.context.support.AbstractDirtiesContextTestExecutionListener - Before test class: context [DefaultTestContext@78ea700f testClass = CalculatorApplicationTests, testInstance = [null], testMethod = [null], testException = [null], mergedContextConfiguration = [WebMergedContextConfiguration@cd93621 testClass = CalculatorApplicationTests, locations = '{}', classes = '{class com.amine.calculator.CalculatorApplication}', contextInitializerClasses = '[]', activeProfiles = '{}', propertySourceLocations = '{}', propertySourceProperties = '{org.springframework.boot.test.context.SpringBootTestContextBootstrapper=true}', contextCustomizers = set[org.springframework.boot.test.autoconfigure.actuate.metrics.MetricsExportContextCustomizerFactory$DisableMetricExportContextCustomizer@53016b11, org.springframework.boot.test.autoconfigure.properties.PropertyMappingContextCustomizer@0, org.springframework.boot.test.autoconfigure.web.servlet.WebDriverContextCustomizerFactory$Customizer@79e10fb4, org.springframework.boot.test.context.filter.ExcludeFilterContextCustomizer@74697863, org.springframework.boot.test.json.DuplicateJsonObjectContextCustomizerFactory$DuplicateJsonObjectContextCustomizer@27da994b, org.springframework.boot.test.mock.mockito.MockitoContextCustomizer@0, org.springframework.boot.test.web.client.TestRestTemplateContextCustomizer@720f56e2, org.springframework.boot.test.context.SpringBootTestArgs@1, org.springframework.boot.test.context.SpringBootTestWebEnvironment@7ce9e05a], resourceBasePath = 'src/main/webapp', contextLoader = 'org.springframework.boot.test.context.SpringBootContextLoader', parent = [null]], attributes = map['org.springframework.test.context.web.ServletTestExecutionListener.activateListener' -> true]], class annotated with @DirtiesContext [false] with mode [null].
17:34:39.057 [Test worker] DEBUG org.springframework.boot.ApplicationServletEnvironment - Activating profiles []
17:34:39.063 [Test worker] DEBUG org.springframework.test.context.support.TestPropertySourceUtils - Adding inlined properties to environment: {spring.jmx.enabled=false, org.springframework.boot.test.context.SpringBootTestContextBootstrapper=true}

  .   ____          _            __ _ _
 /\\ / ___'_ __ _ _(_)_ __  __ _ \ \ \ \
( ( )\___ | '_ | '_| | '_ \/ _` | \ \ \ \
 \\/  ___)| |_)| | | | | || (_| |  ) ) ) )
  '  |____| .__|_| |_|_| |_\__, | / / / /
 =========|_|==============|___/=/_/_/_/
 :: Spring Boot ::                (v2.6.0)

2023-12-21 17:34:39.575  INFO 8949 --- [    Test worker] c.a.c.CalculatorApplicationTests         : Starting CalculatorApplicationTests using Java 11.0.21 on ubuntu-desktop with PID 8949 (started by ubuntu in /home/ubuntu/acceptance)
2023-12-21 17:34:39.577  INFO 8949 --- [    Test worker] c.a.c.CalculatorApplicationTests         : No active profile set, falling back to default profiles: default
2023-12-21 17:34:42.160  INFO 8949 --- [    Test worker] c.a.c.CalculatorApplicationTests         : Started CalculatorApplicationTests in 3.095 seconds (JVM running for 6.33)
]]></system-out>
  <system-err><![CDATA[]]></system-err>
</testsuite>
